# JRE version: Java(TM) SE Runtime Environment (8.0_171-b11) (build 1.8.0_171-b11)
# Java VM: Java HotSpot(TM) 64-Bit Server VM (25.171-b11 mixed mode linux-amd64 compressed oops)
Heap:
 PSYoungGen      total 64512K, used 23508K [0x00000000d6700000, 0x00000000dec80000, 0x0000000100000000)
  eden space 61440K, 33% used [0x00000000d6700000,0x00000000d7b45aa8,0x00000000da300000)
  from space 3072K, 89% used [0x00000000de600000,0x00000000de8af868,0x00000000de900000)
  to   space 3584K, 0% used [0x00000000de900000,0x00000000de900000,0x00000000dec80000)
 ParOldGen       total 86016K, used 49017K [0x0000000083400000, 0x0000000088800000, 0x00000000d6700000)
  object space 86016K, 56% used [0x0000000083400000,0x00000000863de728,0x0000000088800000)
 Metaspace       used 7130K, capacity 7220K, committed 7424K, reserved 1056768K
  class space    used 641K, capacity 655K, committed 768K, reserved 1048576K
GC Heap History (10 events):
Event: 2,227 GC heap before
{Heap before GC invocations=3 (full 0):
 PSYoungGen      total 37888K, used 34608K [0x00000000d6700000, 0x00000000db100000, 0x0000000100000000)
  eden space 32768K, 93% used [0x00000000d6700000,0x00000000d84f0940,0x00000000d8700000)
  from space 5120K, 77% used [0x00000000d8c00000,0x00000000d8fdb878,0x00000000d9100000)
  to   space 5120K, 0% used [0x00000000d8700000,0x00000000d8700000,0x00000000d8c00000)
 ParOldGen       total 86016K, used 26540K [0x0000000083400000, 0x0000000088800000, 0x00000000d6700000)
  object space 86016K, 30% used [0x0000000083400000,0x0000000084deb3d0,0x0000000088800000)
 Metaspace       used 5928K, capacity 6020K, committed 6272K, reserved 1056768K
  class space    used 533K, capacity 559K, committed 640K, reserved 1048576K
Event: 2,232 GC heap after
Heap after GC invocations=3 (full 0):
 PSYoungGen      total 37888K, used 3934K [0x00000000d6700000, 0x00000000db100000, 0x0000000100000000)
  eden space 32768K, 0% used [0x00000000d6700000,0x00000000d6700000,0x00000000d8700000)
  from space 5120K, 76% used [0x00000000d8700000,0x00000000d8ad7868,0x00000000d8c00000)
  to   space 5120K, 0% used [0x00000000dac00000,0x00000000dac00000,0x00000000db100000)
 ParOldGen       total 86016K, used 31857K [0x0000000083400000, 0x0000000088800000, 0x00000000d6700000)
  object space 86016K, 37% used [0x0000000083400000,0x000000008531c490,0x0000000088800000)
 Metaspace       used 5928K, capacity 6020K, committed 6272K, reserved 1056768K
  class space    used 533K, capacity 559K, committed 640K, reserved 1048576K
}
Event: 2,584 GC heap before
{Heap before GC invocations=4 (full 0):
 PSYoungGen      total 37888K, used 35562K [0x00000000d6700000, 0x00000000db100000, 0x0000000100000000)
  eden space 32768K, 96% used [0x00000000d6700000,0x00000000d85e3110,0x00000000d8700000)
  from space 5120K, 76% used [0x00000000d8700000,0x00000000d8ad7868,0x00000000d8c00000)
  to   space 5120K, 0% used [0x00000000dac00000,0x00000000dac00000,0x00000000db100000)
 ParOldGen       total 86016K, used 31857K [0x0000000083400000, 0x0000000088800000, 0x00000000d6700000)
  object space 86016K, 37% used [0x0000000083400000,0x000000008531c490,0x0000000088800000)
 Metaspace       used 5937K, capacity 6020K, committed 6272K, reserved 1056768K
  class space    used 533K, capacity 559K, committed 640K, reserved 1048576K
Event: 2,589 GC heap after
Heap after GC invocations=4 (full 0):
 PSYoungGen      total 70656K, used 3934K [0x00000000d6700000, 0x00000000db100000, 0x0000000100000000)
  eden space 65536K, 0% used [0x00000000d6700000,0x00000000d6700000,0x00000000da700000)
  from space 5120K, 76% used [0x00000000dac00000,0x00000000dafd7888,0x00000000db100000)
  to   space 5120K, 0% used [0x00000000da700000,0x00000000da700000,0x00000000dac00000)
 ParOldGen       total 86016K, used 37165K [0x0000000083400000, 0x0000000088800000, 0x00000000d6700000)
  object space 86016K, 43% used [0x0000000083400000,0x000000008584b550,0x0000000088800000)
 Metaspace       used 5937K, capacity 6020K, committed 6272K, reserved 1056768K
  class space    used 533K, capacity 559K, committed 640K, reserved 1048576K
}
Event: 3,356 GC heap before
{Heap before GC invocations=5 (full 0):
 PSYoungGen      total 70656K, used 69470K [0x00000000d6700000, 0x00000000db100000, 0x0000000100000000)
  eden space 65536K, 100% used [0x00000000d6700000,0x00000000da700000,0x00000000da700000)
  from space 5120K, 76% used [0x00000000dac00000,0x00000000dafd7888,0x00000000db100000)
  to   space 5120K, 0% used [0x00000000da700000,0x00000000da700000,0x00000000dac00000)
 ParOldGen       total 86016K, used 37165K [0x0000000083400000, 0x0000000088800000, 0x00000000d6700000)
  object space 86016K, 43% used [0x0000000083400000,0x000000008584b550,0x0000000088800000)
 Metaspace       used 5938K, capacity 6020K, committed 6272K, reserved 1056768K
  class space    used 533K, capacity 559K, committed 640K, reserved 1048576K
Event: 3,362 GC heap after
Heap after GC invocations=5 (full 0):
 PSYoungGen      total 70656K, used 2720K [0x00000000d6700000, 0x00000000df100000, 0x0000000100000000)
  eden space 65536K, 0% used [0x00000000d6700000,0x00000000d6700000,0x00000000da700000)
  from space 5120K, 53% used [0x00000000da700000,0x00000000da9a82d0,0x00000000dac00000)
  to   space 5120K, 0% used [0x00000000dec00000,0x00000000dec00000,0x00000000df100000)
 ParOldGen       total 86016K, used 42469K [0x0000000083400000, 0x0000000088800000, 0x00000000d6700000)
  object space 86016K, 49% used [0x0000000083400000,0x0000000085d795e8,0x0000000088800000)
 Metaspace       used 5938K, capacity 6020K, committed 6272K, reserved 1056768K
  class space    used 533K, capacity 559K, committed 640K, reserved 1048576K
}
Event: 4,355 GC heap before
{Heap before GC invocations=6 (full 0):
 PSYoungGen      total 70656K, used 64813K [0x00000000d6700000, 0x00000000df100000, 0x0000000100000000)
  eden space 65536K, 94% used [0x00000000d6700000,0x00000000da3a33c8,0x00000000da700000)
  from space 5120K, 53% used [0x00000000da700000,0x00000000da9a82d0,0x00000000dac00000)
  to   space 5120K, 0% used [0x00000000dec00000,0x00000000dec00000,0x00000000df100000)
 ParOldGen       total 86016K, used 42469K [0x0000000083400000, 0x0000000088800000, 0x00000000d6700000)
  object space 86016K, 49% used [0x0000000083400000,0x0000000085d795e8,0x0000000088800000)
 Metaspace       used 5938K, capacity 6020K, committed 6272K, reserved 1056768K
  class space    used 533K, capacity 559K, committed 640K, reserved 1048576K
Event: 4,358 GC heap after
Heap after GC invocations=6 (full 0):
 PSYoungGen      total 67584K, used 3934K [0x00000000d6700000, 0x00000000df000000, 0x0000000100000000)
  eden space 63488K, 0% used [0x00000000d6700000,0x00000000d6700000,0x00000000da500000)
  from space 4096K, 96% used [0x00000000dec00000,0x00000000defd7888,0x00000000df000000)
  to   space 5120K, 0% used [0x00000000de600000,0x00000000de600000,0x00000000deb00000)
 ParOldGen       total 86016K, used 42469K [0x0000000083400000, 0x0000000088800000, 0x00000000d6700000)
  object space 86016K, 49% used [0x0000000083400000,0x0000000085d795e8,0x0000000088800000)
 Metaspace       used 5938K, capacity 6020K, committed 6272K, reserved 1056768K
  class space    used 533K, capacity 559K, committed 640K, reserved 1048576K
}
Event: 5,043 GC heap before
{Heap before GC invocations=7 (full 0):
 PSYoungGen      total 67584K, used 66993K [0x00000000d6700000, 0x00000000df000000, 0x0000000100000000)
  eden space 63488K, 99% used [0x00000000d6700000,0x00000000da494ed0,0x00000000da500000)
  from space 4096K, 96% used [0x00000000dec00000,0x00000000defd7888,0x00000000df000000)
  to   space 5120K, 0% used [0x00000000de600000,0x00000000de600000,0x00000000deb00000)
 ParOldGen       total 86016K, used 42469K [0x0000000083400000, 0x0000000088800000, 0x00000000d6700000)
  object space 86016K, 49% used [0x0000000083400000,0x0000000085d795e8,0x0000000088800000)
 Metaspace       used 5938K, capacity 6020K, committed 6272K, reserved 1056768K
  class space    used 533K, capacity 559K, committed 640K, reserved 1048576K
Event: 5,048 GC heap after
Heap after GC invocations=7 (full 0):
 PSYoungGen      total 64512K, used 2750K [0x00000000d6700000, 0x00000000dec80000, 0x0000000100000000)
  eden space 61440K, 0% used [0x00000000d6700000,0x00000000d6700000,0x00000000da300000)
  from space 3072K, 89% used [0x00000000de600000,0x00000000de8af868,0x00000000de900000)
  to   space 3584K, 0% used [0x00000000de900000,0x00000000de900000,0x00000000dec80000)
 ParOldGen       total 86016K, used 49017K [0x0000000083400000, 0x0000000088800000, 0x00000000d6700000)
  object space 86016K, 56% used [0x0000000083400000,0x00000000863de728,0x0000000088800000)
 Metaspace       used 5938K, capacity 6020K, committed 6272K, reserved 1056768K
  class space    used 533K, capacity 559K, committed 640K, reserved 1048576K
}

